2025-12-14 12:27:12,737 INFO o.a.j.u.JMeterUtils: Setting Locale to en_EN
2025-12-14 12:27:12,751 INFO o.a.j.JMeter: Loading user properties from: /Users/allexandresampaio/Documents/apache-jmeter-5.6.3/bin/user.properties
2025-12-14 12:27:12,751 INFO o.a.j.JMeter: Loading system properties from: /Users/allexandresampaio/Documents/apache-jmeter-5.6.3/bin/system.properties
2025-12-14 12:27:12,755 INFO o.a.j.JMeter: Copyright (c) 1998-2024 The Apache Software Foundation
2025-12-14 12:27:12,755 INFO o.a.j.JMeter: Version 5.6.3
2025-12-14 12:27:12,755 INFO o.a.j.JMeter: java.version=25.0.1
2025-12-14 12:27:12,756 INFO o.a.j.JMeter: java.vm.name=Java HotSpot(TM) 64-Bit Server VM
2025-12-14 12:27:12,756 INFO o.a.j.JMeter: os.name=Mac OS X
2025-12-14 12:27:12,756 INFO o.a.j.JMeter: os.arch=aarch64
2025-12-14 12:27:12,756 INFO o.a.j.JMeter: os.version=26.1
2025-12-14 12:27:12,756 INFO o.a.j.JMeter: file.encoding=UTF-8
2025-12-14 12:27:12,756 INFO o.a.j.JMeter: java.awt.headless=true
2025-12-14 12:27:12,756 INFO o.a.j.JMeter: Max memory     =1073741824
2025-12-14 12:27:12,756 INFO o.a.j.JMeter: Available Processors =8
2025-12-14 12:27:12,764 INFO o.a.j.JMeter: Default Locale=English (EN)
2025-12-14 12:27:12,765 INFO o.a.j.JMeter: JMeter  Locale=English (EN)
2025-12-14 12:27:12,765 INFO o.a.j.JMeter: JMeterHome=/Users/allexandresampaio/Documents/apache-jmeter-5.6.3
2025-12-14 12:27:12,765 INFO o.a.j.JMeter: user.dir  =/Users/allexandresampaio/PGATS-Projects/Performance-Tests/ppp-turma2
2025-12-14 12:27:12,765 INFO o.a.j.JMeter: PWD       =/Users/allexandresampaio/PGATS-Projects/Performance-Tests/ppp-turma2
2025-12-14 12:27:12,768 INFO o.a.j.JMeter: IP: 127.0.0.1 Name: MacBook-Air-de-Allexandre.local FullName: localhost
2025-12-14 12:27:12,776 INFO o.a.j.s.FileServer: Default base='/Users/allexandresampaio/PGATS-Projects/Performance-Tests/ppp-turma2'
2025-12-14 12:27:12,776 INFO o.a.j.s.FileServer: Set new base='/Users/allexandresampaio/PGATS-Projects/Performance-Tests/ppp-turma2/tests'
2025-12-14 12:27:12,917 INFO o.a.j.s.SaveService: Testplan (JMX) version: 2.2. Testlog (JTL) version: 2.2
2025-12-14 12:27:12,932 INFO o.a.j.s.SaveService: Using SaveService properties version 5.0
2025-12-14 12:27:12,934 INFO o.a.j.s.SaveService: Using SaveService properties file encoding UTF-8
2025-12-14 12:27:12,935 INFO o.a.j.s.SaveService: Loading file: tests/Teste de Performance do Fluxo de Instrutores.jmx
2025-12-14 12:27:12,967 INFO o.a.j.p.h.s.HTTPSamplerBase: Parser for text/html is org.apache.jmeter.protocol.http.parser.LagartoBasedHtmlParser
2025-12-14 12:27:12,967 INFO o.a.j.p.h.s.HTTPSamplerBase: Parser for application/xhtml+xml is org.apache.jmeter.protocol.http.parser.LagartoBasedHtmlParser
2025-12-14 12:27:12,967 INFO o.a.j.p.h.s.HTTPSamplerBase: Parser for application/xml is org.apache.jmeter.protocol.http.parser.LagartoBasedHtmlParser
2025-12-14 12:27:12,967 INFO o.a.j.p.h.s.HTTPSamplerBase: Parser for text/xml is org.apache.jmeter.protocol.http.parser.LagartoBasedHtmlParser
2025-12-14 12:27:12,967 INFO o.a.j.p.h.s.HTTPSamplerBase: Parser for text/vnd.wap.wml is org.apache.jmeter.protocol.http.parser.RegexpHTMLParser
2025-12-14 12:27:12,967 INFO o.a.j.p.h.s.HTTPSamplerBase: Parser for text/css is org.apache.jmeter.protocol.http.parser.CssParser
2025-12-14 12:27:12,996 INFO o.a.j.JMeter: Creating summariser <summary>
2025-12-14 12:27:13,003 INFO o.a.j.e.StandardJMeterEngine: Running the test!
2025-12-14 12:27:13,003 INFO o.a.j.s.SampleEvent: List of sample_variables: []
2025-12-14 12:27:13,003 INFO o.a.j.s.SampleEvent: List of sample_variables: []
2025-12-14 12:27:13,005 INFO o.a.j.e.u.CompoundVariable: Note: Function class names must contain the string: '.functions.'
2025-12-14 12:27:13,005 INFO o.a.j.e.u.CompoundVariable: Note: Function class names must not contain the string: '.gui.'
2025-12-14 12:27:13,037 INFO o.a.j.r.ClassFinder: Will scan jar /Users/allexandresampaio/Documents/apache-jmeter-5.6.3/lib/ext/jmeter-plugins-graphs-basic-2.0.jar with filter ExtendsClassFilter [parents=[interface org.apache.jmeter.functions.Function], inner=false, contains=null, notContains=null]. Consider exposing JMeter plugins via META-INF/services, and add JMeter-Skip-Class-Scanning=true manifest attribute so JMeter can skip classfile scanning
2025-12-14 12:27:13,040 INFO o.a.j.r.ClassFinder: Will scan jar /Users/allexandresampaio/Documents/apache-jmeter-5.6.3/lib/ext/jmeter-plugins-manager-1.11.jar with filter ExtendsClassFilter [parents=[interface org.apache.jmeter.functions.Function], inner=false, contains=null, notContains=null]. Consider exposing JMeter plugins via META-INF/services, and add JMeter-Skip-Class-Scanning=true manifest attribute so JMeter can skip classfile scanning
2025-12-14 12:27:13,085 INFO o.a.j.r.ClassFinder: Will scan jar /Users/allexandresampaio/Documents/apache-jmeter-5.6.3/lib/ext/jmeter-plugins-graphs-composite-2.0.jar with filter ExtendsClassFilter [parents=[interface org.apache.jmeter.functions.Function], inner=false, contains=null, notContains=null]. Consider exposing JMeter plugins via META-INF/services, and add JMeter-Skip-Class-Scanning=true manifest attribute so JMeter can skip classfile scanning
2025-12-14 12:27:13,089 INFO o.a.j.JMeter: Running test (1765726033088)
2025-12-14 12:27:13,099 INFO o.a.j.e.StandardJMeterEngine: Starting ThreadGroup: 1 : Fazer login como Estudante
2025-12-14 12:27:13,100 INFO o.a.j.e.StandardJMeterEngine: Starting 50 threads for group Fazer login como Estudante.
2025-12-14 12:27:13,100 INFO o.a.j.e.StandardJMeterEngine: Thread will continue on error
2025-12-14 12:27:13,100 INFO o.a.j.t.ThreadGroup: Starting thread group... number=1 threads=50 ramp-up=1 delayedStart=false
2025-12-14 12:27:13,112 INFO o.a.j.t.ThreadGroup: Started thread group number 1
2025-12-14 12:27:13,112 INFO o.a.j.e.StandardJMeterEngine: All thread groups have been started
2025-12-14 12:27:13,202 INFO o.a.j.t.JMeterThread: Thread started: Fazer login como Estudante 1-1
2025-12-14 12:27:13,203 INFO o.a.j.s.FileServer: Stored: /Users/allexandresampaio/PGATS-Projects/Performance-Tests/ppp-turma2/tests/jmeter/test-data/students.csv
2025-12-14 12:27:13,222 INFO o.a.j.p.h.s.HTTPHCAbstractImpl: Local host = MacBook-Air-de-Allexandre.local
2025-12-14 12:27:13,225 INFO o.a.j.p.h.s.HTTPHC4Impl: HTTP request retry count = 0
2025-12-14 12:27:13,225 INFO o.a.j.s.SampleResult: Note: Sample TimeStamps are START times
2025-12-14 12:27:13,225 INFO o.a.j.s.SampleResult: sampleresult.default.encoding is set to UTF-8
2025-12-14 12:27:13,225 INFO o.a.j.s.SampleResult: sampleresult.useNanoTime=true
2025-12-14 12:27:13,225 INFO o.a.j.s.SampleResult: sampleresult.nanoThreadSleep=5000
2025-12-14 12:27:13,225 INFO o.a.j.t.JMeterThread: Thread started: Fazer login como Estudante 1-2
2025-12-14 12:27:13,246 INFO o.a.j.t.JMeterThread: Thread started: Fazer login como Estudante 1-3
2025-12-14 12:27:13,266 INFO o.a.j.t.JMeterThread: Thread started: Fazer login como Estudante 1-4
2025-12-14 12:27:13,285 INFO o.a.j.t.JMeterThread: Thread started: Fazer login como Estudante 1-5
2025-12-14 12:27:13,305 INFO o.a.j.t.JMeterThread: Thread started: Fazer login como Estudante 1-6
2025-12-14 12:27:13,324 INFO o.a.j.t.JMeterThread: Thread started: Fazer login como Estudante 1-7
2025-12-14 12:27:13,345 INFO o.a.j.t.JMeterThread: Thread started: Fazer login como Estudante 1-8
2025-12-14 12:27:13,347 INFO o.a.j.t.JMeterThread: Thread is done: Fazer login como Estudante 1-6
2025-12-14 12:27:13,347 INFO o.a.j.t.JMeterThread: Thread is done: Fazer login como Estudante 1-5
2025-12-14 12:27:13,347 INFO o.a.j.t.JMeterThread: Thread finished: Fazer login como Estudante 1-6
2025-12-14 12:27:13,347 INFO o.a.j.t.JMeterThread: Thread finished: Fazer login como Estudante 1-5
2025-12-14 12:27:13,347 INFO o.a.j.t.JMeterThread: Thread is done: Fazer login como Estudante 1-7
2025-12-14 12:27:13,348 INFO o.a.j.t.JMeterThread: Thread finished: Fazer login como Estudante 1-7
2025-12-14 12:27:13,348 INFO o.a.j.t.JMeterThread: Thread is done: Fazer login como Estudante 1-1
2025-12-14 12:27:13,348 INFO o.a.j.t.JMeterThread: Thread finished: Fazer login como Estudante 1-1
2025-12-14 12:27:13,348 INFO o.a.j.t.JMeterThread: Thread is done: Fazer login como Estudante 1-4
2025-12-14 12:27:13,348 INFO o.a.j.t.JMeterThread: Thread finished: Fazer login como Estudante 1-4
2025-12-14 12:27:13,348 INFO o.a.j.t.JMeterThread: Thread is done: Fazer login como Estudante 1-2
2025-12-14 12:27:13,348 INFO o.a.j.t.JMeterThread: Thread finished: Fazer login como Estudante 1-2
2025-12-14 12:27:13,348 INFO o.a.j.t.JMeterThread: Thread is done: Fazer login como Estudante 1-3
2025-12-14 12:27:13,348 INFO o.a.j.t.JMeterThread: Thread finished: Fazer login como Estudante 1-3
2025-12-14 12:27:13,348 INFO o.a.j.t.JMeterThread: Thread is done: Fazer login como Estudante 1-8
2025-12-14 12:27:13,349 INFO o.a.j.t.JMeterThread: Thread finished: Fazer login como Estudante 1-8
2025-12-14 12:27:13,365 INFO o.a.j.t.JMeterThread: Thread started: Fazer login como Estudante 1-9
2025-12-14 12:27:13,368 INFO o.a.j.t.JMeterThread: Thread is done: Fazer login como Estudante 1-9
2025-12-14 12:27:13,368 INFO o.a.j.t.JMeterThread: Thread finished: Fazer login como Estudante 1-9
2025-12-14 12:27:13,385 INFO o.a.j.t.JMeterThread: Thread started: Fazer login como Estudante 1-10
2025-12-14 12:27:13,388 INFO o.a.j.t.JMeterThread: Thread is done: Fazer login como Estudante 1-10
2025-12-14 12:27:13,388 INFO o.a.j.t.JMeterThread: Thread finished: Fazer login como Estudante 1-10
2025-12-14 12:27:13,402 INFO o.a.j.t.JMeterThread: Thread started: Fazer login como Estudante 1-11
2025-12-14 12:27:13,404 INFO o.a.j.t.JMeterThread: Thread is done: Fazer login como Estudante 1-11
2025-12-14 12:27:13,404 INFO o.a.j.t.JMeterThread: Thread finished: Fazer login como Estudante 1-11
2025-12-14 12:27:13,420 INFO o.a.j.t.JMeterThread: Thread started: Fazer login como Estudante 1-12
2025-12-14 12:27:13,422 INFO o.a.j.t.JMeterThread: Thread is done: Fazer login como Estudante 1-12
2025-12-14 12:27:13,422 INFO o.a.j.t.JMeterThread: Thread finished: Fazer login como Estudante 1-12
2025-12-14 12:27:13,444 INFO o.a.j.t.JMeterThread: Thread started: Fazer login como Estudante 1-13
2025-12-14 12:27:13,447 INFO o.a.j.t.JMeterThread: Thread is done: Fazer login como Estudante 1-13
2025-12-14 12:27:13,447 INFO o.a.j.t.JMeterThread: Thread finished: Fazer login como Estudante 1-13
2025-12-14 12:27:13,463 INFO o.a.j.t.JMeterThread: Thread started: Fazer login como Estudante 1-14
2025-12-14 12:27:13,465 INFO o.a.j.t.JMeterThread: Thread is done: Fazer login como Estudante 1-14
2025-12-14 12:27:13,465 INFO o.a.j.t.JMeterThread: Thread finished: Fazer login como Estudante 1-14
2025-12-14 12:27:13,478 INFO o.a.j.t.JMeterThread: Thread started: Fazer login como Estudante 1-15
2025-12-14 12:27:13,482 INFO o.a.j.t.JMeterThread: Thread is done: Fazer login como Estudante 1-15
2025-12-14 12:27:13,482 INFO o.a.j.t.JMeterThread: Thread finished: Fazer login como Estudante 1-15
2025-12-14 12:27:13,502 INFO o.a.j.t.JMeterThread: Thread started: Fazer login como Estudante 1-16
2025-12-14 12:27:13,506 INFO o.a.j.t.JMeterThread: Thread is done: Fazer login como Estudante 1-16
2025-12-14 12:27:13,506 INFO o.a.j.t.JMeterThread: Thread finished: Fazer login como Estudante 1-16
2025-12-14 12:27:13,522 INFO o.a.j.t.JMeterThread: Thread started: Fazer login como Estudante 1-17
2025-12-14 12:27:13,527 INFO o.a.j.t.JMeterThread: Thread is done: Fazer login como Estudante 1-17
2025-12-14 12:27:13,527 INFO o.a.j.t.JMeterThread: Thread finished: Fazer login como Estudante 1-17
2025-12-14 12:27:13,542 INFO o.a.j.t.JMeterThread: Thread started: Fazer login como Estudante 1-18
2025-12-14 12:27:13,546 INFO o.a.j.t.JMeterThread: Thread is done: Fazer login como Estudante 1-18
2025-12-14 12:27:13,546 INFO o.a.j.t.JMeterThread: Thread finished: Fazer login como Estudante 1-18
2025-12-14 12:27:13,559 INFO o.a.j.t.JMeterThread: Thread started: Fazer login como Estudante 1-19
2025-12-14 12:27:13,563 INFO o.a.j.t.JMeterThread: Thread is done: Fazer login como Estudante 1-19
2025-12-14 12:27:13,563 INFO o.a.j.t.JMeterThread: Thread finished: Fazer login como Estudante 1-19
2025-12-14 12:27:13,581 INFO o.a.j.t.JMeterThread: Thread started: Fazer login como Estudante 1-20
2025-12-14 12:27:13,586 INFO o.a.j.t.JMeterThread: Thread is done: Fazer login como Estudante 1-20
2025-12-14 12:27:13,586 INFO o.a.j.t.JMeterThread: Thread finished: Fazer login como Estudante 1-20
2025-12-14 12:27:13,602 INFO o.a.j.t.JMeterThread: Thread started: Fazer login como Estudante 1-21
2025-12-14 12:27:13,607 INFO o.a.j.t.JMeterThread: Thread is done: Fazer login como Estudante 1-21
2025-12-14 12:27:13,607 INFO o.a.j.t.JMeterThread: Thread finished: Fazer login como Estudante 1-21
2025-12-14 12:27:13,622 INFO o.a.j.t.JMeterThread: Thread started: Fazer login como Estudante 1-22
2025-12-14 12:27:13,627 INFO o.a.j.t.JMeterThread: Thread is done: Fazer login como Estudante 1-22
2025-12-14 12:27:13,627 INFO o.a.j.t.JMeterThread: Thread finished: Fazer login como Estudante 1-22
2025-12-14 12:27:13,641 INFO o.a.j.t.JMeterThread: Thread started: Fazer login como Estudante 1-23
2025-12-14 12:27:13,646 INFO o.a.j.t.JMeterThread: Thread is done: Fazer login como Estudante 1-23
2025-12-14 12:27:13,646 INFO o.a.j.t.JMeterThread: Thread finished: Fazer login como Estudante 1-23
2025-12-14 12:27:13,660 INFO o.a.j.t.JMeterThread: Thread started: Fazer login como Estudante 1-24
2025-12-14 12:27:13,665 INFO o.a.j.t.JMeterThread: Thread is done: Fazer login como Estudante 1-24
2025-12-14 12:27:13,665 INFO o.a.j.t.JMeterThread: Thread finished: Fazer login como Estudante 1-24
2025-12-14 12:27:13,681 INFO o.a.j.t.JMeterThread: Thread started: Fazer login como Estudante 1-25
2025-12-14 12:27:13,685 INFO o.a.j.t.JMeterThread: Thread is done: Fazer login como Estudante 1-25
2025-12-14 12:27:13,685 INFO o.a.j.t.JMeterThread: Thread finished: Fazer login como Estudante 1-25
2025-12-14 12:27:13,700 INFO o.a.j.t.JMeterThread: Thread started: Fazer login como Estudante 1-26
2025-12-14 12:27:13,706 INFO o.a.j.t.JMeterThread: Thread is done: Fazer login como Estudante 1-26
2025-12-14 12:27:13,706 INFO o.a.j.t.JMeterThread: Thread finished: Fazer login como Estudante 1-26
2025-12-14 12:27:13,718 INFO o.a.j.t.JMeterThread: Thread started: Fazer login como Estudante 1-27
2025-12-14 12:27:13,724 INFO o.a.j.t.JMeterThread: Thread is done: Fazer login como Estudante 1-27
2025-12-14 12:27:13,724 INFO o.a.j.t.JMeterThread: Thread finished: Fazer login como Estudante 1-27
2025-12-14 12:27:13,740 INFO o.a.j.t.JMeterThread: Thread started: Fazer login como Estudante 1-28
2025-12-14 12:27:13,745 INFO o.a.j.t.JMeterThread: Thread is done: Fazer login como Estudante 1-28
2025-12-14 12:27:13,745 INFO o.a.j.t.JMeterThread: Thread finished: Fazer login como Estudante 1-28
2025-12-14 12:27:13,759 INFO o.a.j.t.JMeterThread: Thread started: Fazer login como Estudante 1-29
2025-12-14 12:27:13,764 INFO o.a.j.t.JMeterThread: Thread is done: Fazer login como Estudante 1-29
2025-12-14 12:27:13,764 INFO o.a.j.t.JMeterThread: Thread finished: Fazer login como Estudante 1-29
2025-12-14 12:27:13,779 INFO o.a.j.t.JMeterThread: Thread started: Fazer login como Estudante 1-30
2025-12-14 12:27:13,785 INFO o.a.j.t.JMeterThread: Thread is done: Fazer login como Estudante 1-30
2025-12-14 12:27:13,785 INFO o.a.j.t.JMeterThread: Thread finished: Fazer login como Estudante 1-30
2025-12-14 12:27:13,800 INFO o.a.j.t.JMeterThread: Thread started: Fazer login como Estudante 1-31
2025-12-14 12:27:13,806 INFO o.a.j.t.JMeterThread: Thread is done: Fazer login como Estudante 1-31
2025-12-14 12:27:13,806 INFO o.a.j.t.JMeterThread: Thread finished: Fazer login como Estudante 1-31
2025-12-14 12:27:13,819 INFO o.a.j.t.JMeterThread: Thread started: Fazer login como Estudante 1-32
2025-12-14 12:27:13,824 INFO o.a.j.t.JMeterThread: Thread is done: Fazer login como Estudante 1-32
2025-12-14 12:27:13,824 INFO o.a.j.t.JMeterThread: Thread finished: Fazer login como Estudante 1-32
2025-12-14 12:27:13,839 INFO o.a.j.t.JMeterThread: Thread started: Fazer login como Estudante 1-33
2025-12-14 12:27:13,843 INFO o.a.j.t.JMeterThread: Thread is done: Fazer login como Estudante 1-33
2025-12-14 12:27:13,843 INFO o.a.j.t.JMeterThread: Thread finished: Fazer login como Estudante 1-33
2025-12-14 12:27:13,859 INFO o.a.j.t.JMeterThread: Thread started: Fazer login como Estudante 1-34
2025-12-14 12:27:13,863 INFO o.a.j.t.JMeterThread: Thread is done: Fazer login como Estudante 1-34
2025-12-14 12:27:13,863 INFO o.a.j.t.JMeterThread: Thread finished: Fazer login como Estudante 1-34
2025-12-14 12:27:13,878 INFO o.a.j.t.JMeterThread: Thread started: Fazer login como Estudante 1-35
2025-12-14 12:27:13,882 INFO o.a.j.t.JMeterThread: Thread is done: Fazer login como Estudante 1-35
2025-12-14 12:27:13,882 INFO o.a.j.t.JMeterThread: Thread finished: Fazer login como Estudante 1-35
2025-12-14 12:27:13,897 INFO o.a.j.t.JMeterThread: Thread started: Fazer login como Estudante 1-36
2025-12-14 12:27:13,902 INFO o.a.j.t.JMeterThread: Thread is done: Fazer login como Estudante 1-36
2025-12-14 12:27:13,902 INFO o.a.j.t.JMeterThread: Thread finished: Fazer login como Estudante 1-36
2025-12-14 12:27:13,918 INFO o.a.j.t.JMeterThread: Thread started: Fazer login como Estudante 1-37
2025-12-14 12:27:13,922 INFO o.a.j.t.JMeterThread: Thread is done: Fazer login como Estudante 1-37
2025-12-14 12:27:13,922 INFO o.a.j.t.JMeterThread: Thread finished: Fazer login como Estudante 1-37
2025-12-14 12:27:13,937 INFO o.a.j.t.JMeterThread: Thread started: Fazer login como Estudante 1-38
2025-12-14 12:27:13,941 INFO o.a.j.t.JMeterThread: Thread is done: Fazer login como Estudante 1-38
2025-12-14 12:27:13,941 INFO o.a.j.t.JMeterThread: Thread finished: Fazer login como Estudante 1-38
2025-12-14 12:27:13,956 INFO o.a.j.t.JMeterThread: Thread started: Fazer login como Estudante 1-39
2025-12-14 12:27:13,960 INFO o.a.j.t.JMeterThread: Thread is done: Fazer login como Estudante 1-39
2025-12-14 12:27:13,960 INFO o.a.j.t.JMeterThread: Thread finished: Fazer login como Estudante 1-39
2025-12-14 12:27:13,976 INFO o.a.j.t.JMeterThread: Thread started: Fazer login como Estudante 1-40
2025-12-14 12:27:13,980 INFO o.a.j.t.JMeterThread: Thread is done: Fazer login como Estudante 1-40
2025-12-14 12:27:13,980 INFO o.a.j.t.JMeterThread: Thread finished: Fazer login como Estudante 1-40
2025-12-14 12:27:13,997 INFO o.a.j.t.JMeterThread: Thread started: Fazer login como Estudante 1-41
2025-12-14 12:27:14,002 INFO o.a.j.t.JMeterThread: Thread is done: Fazer login como Estudante 1-41
2025-12-14 12:27:14,002 INFO o.a.j.t.JMeterThread: Thread finished: Fazer login como Estudante 1-41
2025-12-14 12:27:14,016 INFO o.a.j.t.JMeterThread: Thread started: Fazer login como Estudante 1-42
2025-12-14 12:27:14,021 INFO o.a.j.t.JMeterThread: Thread is done: Fazer login como Estudante 1-42
2025-12-14 12:27:14,021 INFO o.a.j.t.JMeterThread: Thread finished: Fazer login como Estudante 1-42
2025-12-14 12:27:14,036 INFO o.a.j.t.JMeterThread: Thread started: Fazer login como Estudante 1-43
2025-12-14 12:27:14,041 INFO o.a.j.t.JMeterThread: Thread is done: Fazer login como Estudante 1-43
2025-12-14 12:27:14,041 INFO o.a.j.t.JMeterThread: Thread finished: Fazer login como Estudante 1-43
2025-12-14 12:27:14,053 INFO o.a.j.t.JMeterThread: Thread started: Fazer login como Estudante 1-44
2025-12-14 12:27:14,058 INFO o.a.j.t.JMeterThread: Thread is done: Fazer login como Estudante 1-44
2025-12-14 12:27:14,058 INFO o.a.j.t.JMeterThread: Thread finished: Fazer login como Estudante 1-44
2025-12-14 12:27:14,077 INFO o.a.j.t.JMeterThread: Thread started: Fazer login como Estudante 1-45
2025-12-14 12:27:14,081 INFO o.a.j.t.JMeterThread: Thread is done: Fazer login como Estudante 1-45
2025-12-14 12:27:14,081 INFO o.a.j.t.JMeterThread: Thread finished: Fazer login como Estudante 1-45
2025-12-14 12:27:14,095 INFO o.a.j.t.JMeterThread: Thread started: Fazer login como Estudante 1-46
2025-12-14 12:27:14,100 INFO o.a.j.t.JMeterThread: Thread is done: Fazer login como Estudante 1-46
2025-12-14 12:27:14,100 INFO o.a.j.t.JMeterThread: Thread finished: Fazer login como Estudante 1-46
2025-12-14 12:27:14,115 INFO o.a.j.t.JMeterThread: Thread started: Fazer login como Estudante 1-47
2025-12-14 12:27:14,119 INFO o.a.j.t.JMeterThread: Thread is done: Fazer login como Estudante 1-47
2025-12-14 12:27:14,119 INFO o.a.j.t.JMeterThread: Thread finished: Fazer login como Estudante 1-47
2025-12-14 12:27:14,136 INFO o.a.j.t.JMeterThread: Thread started: Fazer login como Estudante 1-48
2025-12-14 12:27:14,141 INFO o.a.j.t.JMeterThread: Thread is done: Fazer login como Estudante 1-48
2025-12-14 12:27:14,141 INFO o.a.j.t.JMeterThread: Thread finished: Fazer login como Estudante 1-48
2025-12-14 12:27:14,155 INFO o.a.j.t.JMeterThread: Thread started: Fazer login como Estudante 1-49
2025-12-14 12:27:14,162 INFO o.a.j.t.JMeterThread: Thread is done: Fazer login como Estudante 1-49
2025-12-14 12:27:14,163 INFO o.a.j.t.JMeterThread: Thread finished: Fazer login como Estudante 1-49
2025-12-14 12:27:14,175 INFO o.a.j.t.JMeterThread: Thread started: Fazer login como Estudante 1-50
2025-12-14 12:27:14,183 INFO o.a.j.t.JMeterThread: Thread is done: Fazer login como Estudante 1-50
2025-12-14 12:27:14,184 INFO o.a.j.t.JMeterThread: Thread finished: Fazer login como Estudante 1-50
2025-12-14 12:27:14,184 INFO o.a.j.e.StandardJMeterEngine: Notifying test listeners of end of test
2025-12-14 12:27:14,184 INFO o.a.j.s.FileServer: Close: /Users/allexandresampaio/PGATS-Projects/Performance-Tests/ppp-turma2/tests/jmeter/test-data/students.csv
2025-12-14 12:27:14,190 INFO o.a.j.r.Summariser: summary =     50 in 00:00:01 =   45.5/s Avg:     9 Min:     1 Max:    71 Err:     0 (0.00%)
